Arguments: 
  C:\Program Files\nodejs\node.exe C:\Users\hammer\AppData\Roaming\npm\node_modules\yarn\bin\yarn.js add -D typescript @types/node

PATH: 
  C:\Windows\system32;C:\Windows;C:\Windows\System32\Wbem;C:\Windows\System32\WindowsPowerShell\v1.0\;C:\WINDOWS\system32;C:\WINDOWS;C:\WINDOWS\System32\Wbem;C:\WINDOWS\System32\WindowsPowerShell\v1.0\;C:\WINDOWS\System32\OpenSSH\;C:\Program Files (x86)\NVIDIA Corporation\PhysX\Common;C:\Program Files\nodejs\;C:\Program Files\Git\cmd;C:\Program Files\NVIDIA Corporation\NVIDIA NvDLISR;C:\Program Files\Git LFS;C:\Program Files\MIT\Kerberos\bin;C:\Users\hammer\.cargo\bin;C:\Users\hammer\AppData\Local\Microsoft\WindowsApps;C:\Users\hammer\AppData\Local\Programs\Microsoft VS Code\bin;C:\Users\hammer\AppData\Roaming\npm;C:\Program Files (x86)\GnuWin32\bin;

Yarn version: 
  1.22.10

Node version: 
  14.15.1

Platform: 
  win32 x64

Trace: 
  Error: https://registry.npmjs.org/typescript: ESOCKETTIMEDOUT
      at ClientRequest.<anonymous> (C:\Users\hammer\AppData\Roaming\npm\node_modules\yarn\lib\cli.js:141289:19)
      at Object.onceWrapper (events.js:421:28)
      at ClientRequest.emit (events.js:315:20)
      at TLSSocket.emitRequestTimeout (_http_client.js:784:9)
      at Object.onceWrapper (events.js:421:28)
      at TLSSocket.emit (events.js:327:22)
      at TLSSocket.Socket._onTimeout (net.js:483:8)
      at listOnTimeout (internal/timers.js:554:17)
      at processTimers (internal/timers.js:497:7)

npm manifest: 
  {
    "name": "eebnf",
    "version": "1.0.0",
    "main": "index.js",
    "repository": "git@github.com:lava-hammer/eebnf.git",
    "author": "hammer <lava_hammer@163.com>",
    "license": "MIT"
  }

yarn manifest: 
  No manifest

Lockfile: 
  No lockfile
